2015-03-03 11:08:47,599 INFO  org.springframework.web.context.ContextLoader.initWebApplicationContext:273 - Root WebApplicationContext: initialization started
2015-03-03 11:08:47,708 INFO  org.springframework.web.context.support.XmlWebApplicationContext.prepareRefresh:510 - Refreshing Root WebApplicationContext: startup date [Tue Mar 03 11:08:47 CST 2015]; root of context hierarchy
2015-03-03 11:08:47,771 INFO  org.springframework.beans.factory.xml.XmlBeanDefinitionReader.loadBeanDefinitions:315 - Loading XML bean definitions from file [F:\Workspaces\kywd\trunk\marketcenter\marketcenter-service\target\classes\spring\spring-common.xml]
2015-03-03 11:08:47,927 INFO  org.springframework.beans.factory.xml.XmlBeanDefinitionReader.loadBeanDefinitions:315 - Loading XML bean definitions from file [F:\Workspaces\kywd\trunk\marketcenter\marketcenter-service\target\classes\spring\spring-dubbo.xml]
2015-03-03 11:08:47,942 INFO  com.alibaba.dubbo.common.logger.LoggerFactory.?:? - using logger: com.alibaba.dubbo.common.logger.log4j.Log4jLoggerAdapter
2015-03-03 11:08:48,020 WARN  com.alibaba.dubbo.config.spring.schema.DubboBeanDefinitionParser.parse:199 -  [DUBBO] Recommended replace <dubbo:provider protocol="dubbo" ... /> to <dubbo:protocol name="dubbo" ... />, dubbo version: 2.4.9, current host: 127.0.0.1
2015-03-03 11:08:48,020 INFO  org.springframework.beans.factory.xml.XmlBeanDefinitionReader.loadBeanDefinitions:315 - Loading XML bean definitions from file [F:\Workspaces\kywd\trunk\marketcenter\marketcenter-service\target\classes\spring\spring-transaction.xml]
2015-03-03 11:08:48,083 INFO  org.springframework.beans.factory.xml.XmlBeanDefinitionReader.loadBeanDefinitions:315 - Loading XML bean definitions from file [F:\Workspaces\kywd\trunk\marketcenter\marketcenter-dao\target\classes\spring\spring-datasource.xml]
2015-03-03 11:08:48,083 INFO  org.springframework.beans.factory.xml.XmlBeanDefinitionReader.loadBeanDefinitions:315 - Loading XML bean definitions from file [F:\Workspaces\kywd\trunk\marketcenter\marketcenter-dao\target\classes\spring\spring-mybatis.xml]
2015-03-03 11:08:48,098 INFO  org.springframework.beans.factory.xml.XmlBeanDefinitionReader.loadBeanDefinitions:315 - Loading XML bean definitions from file [F:\Workspaces\kywd\trunk\marketcenter\marketcenter-dao\target\classes\spring\spring-redis.xml]
2015-03-03 11:08:49,112 INFO  org.springframework.beans.factory.support.DefaultListableBeanFactory.preInstantiateSingletons:596 - Pre-instantiating singletons in org.springframework.beans.factory.support.DefaultListableBeanFactory@185824c: defining beans [com.camelot.openplatform.util.SpringApplicationContextHolder#0,com.camelot.openplatform.util.SystemBootstrap#0,org.springframework.context.annotation.internalConfigurationAnnotationProcessor,org.springframework.context.annotation.internalAutowiredAnnotationProcessor,org.springframework.context.annotation.internalRequiredAnnotationProcessor,org.springframework.context.annotation.internalCommonAnnotationProcessor,demoController,exampleContorller,demoExportService,redisDB,marketcenter,qingdaoRegistry,com.alibaba.dubbo.config.ProviderConfig,transactionManager,org.springframework.aop.config.internalAutoProxyCreator,org.springframework.transaction.annotation.AnnotationTransactionAttributeSource#0,org.springframework.transaction.interceptor.TransactionInterceptor#0,org.springframework.transaction.config.internalTransactionAdvisor,txAdvice,interceptorPointCuts,org.springframework.aop.support.DefaultBeanFactoryPointcutAdvisor#0,dataSource,sqlSessionFactory,org.mybatis.spring.mapper.MapperScannerConfigurer#0,jedisPoolConfig,jedisPool,org.springframework.context.annotation.ConfigurationClassPostProcessor.importAwareProcessor,demoMybatisDAO,baseDAO]; root of factory hierarchy
2015-03-03 11:08:49,302 INFO  com.camelot.openplatform.util.SystemBootstrap.afterPropertiesSet:31 - 系统配置项:{server.name=marketcenter}
2015-03-03 11:08:49,582 INFO  org.springframework.web.context.ContextLoader.initWebApplicationContext:313 - Root WebApplicationContext: initialization completed in 1967 ms
2015-03-03 11:08:49,598 INFO  org.springframework.web.servlet.DispatcherServlet.initServletBean:455 - FrameworkServlet 'springmvc': initialization started
2015-03-03 11:08:49,614 INFO  org.springframework.web.context.support.XmlWebApplicationContext.prepareRefresh:510 - Refreshing WebApplicationContext for namespace 'springmvc-servlet': startup date [Tue Mar 03 11:08:49 CST 2015]; parent: Root WebApplicationContext
2015-03-03 11:08:49,614 INFO  org.springframework.beans.factory.xml.XmlBeanDefinitionReader.loadBeanDefinitions:315 - Loading XML bean definitions from class path resource [spring/springmvc-servlet.xml]
2015-03-03 11:08:49,708 INFO  org.springframework.beans.factory.support.DefaultListableBeanFactory.preInstantiateSingletons:596 - Pre-instantiating singletons in org.springframework.beans.factory.support.DefaultListableBeanFactory@bbafc7: defining beans [org.springframework.web.servlet.mvc.method.annotation.RequestMappingHandlerAdapter#0,demoController,exampleContorller,org.springframework.context.annotation.internalConfigurationAnnotationProcessor,org.springframework.context.annotation.internalAutowiredAnnotationProcessor,org.springframework.context.annotation.internalRequiredAnnotationProcessor,org.springframework.context.annotation.internalCommonAnnotationProcessor,mvcContentNegotiationManager,org.springframework.web.servlet.mvc.method.annotation.RequestMappingHandlerMapping#0,org.springframework.format.support.FormattingConversionServiceFactoryBean#0,org.springframework.web.servlet.mvc.method.annotation.RequestMappingHandlerAdapter#1,org.springframework.web.servlet.handler.MappedInterceptor#0,org.springframework.web.servlet.mvc.method.annotation.ExceptionHandlerExceptionResolver#0,org.springframework.web.servlet.mvc.annotation.ResponseStatusExceptionResolver#0,org.springframework.web.servlet.mvc.support.DefaultHandlerExceptionResolver#0,org.springframework.web.servlet.handler.BeanNameUrlHandlerMapping,org.springframework.web.servlet.mvc.HttpRequestHandlerAdapter,org.springframework.web.servlet.mvc.SimpleControllerHandlerAdapter,org.springframework.web.servlet.resource.ResourceHttpRequestHandler#0,org.springframework.web.servlet.handler.SimpleUrlHandlerMapping#0,velocityEngine,velocityConfig,velocityViewResolver,org.springframework.web.servlet.handler.SimpleMappingExceptionResolver#0,org.springframework.web.servlet.config.viewControllerHandlerMapping,org.springframework.context.annotation.ConfigurationClassPostProcessor.importAwareProcessor]; parent: org.springframework.beans.factory.support.DefaultListableBeanFactory@185824c
2015-03-03 11:08:49,833 INFO  org.springframework.web.servlet.mvc.method.annotation.RequestMappingHandlerMapping.registerHandlerMethod:178 - Mapped "{[/demoController/getUserByIdTestMybatis],methods=[],params=[],headers=[],consumes=[],produces=[],custom=[]}" onto public java.lang.String com.camelot.example.controller.DemoController.getUserByIdTestMybatis(org.springframework.ui.Model)
2015-03-03 11:08:49,833 INFO  org.springframework.web.servlet.mvc.method.annotation.RequestMappingHandlerMapping.registerHandlerMethod:178 - Mapped "{[/demoController/getUserByIdTestNo],methods=[],params=[],headers=[],consumes=[],produces=[],custom=[]}" onto public java.lang.String com.camelot.example.controller.DemoController.getUserByIdTestNo(org.springframework.ui.Model)
2015-03-03 11:08:49,833 INFO  org.springframework.web.servlet.mvc.method.annotation.RequestMappingHandlerMapping.registerHandlerMethod:178 - Mapped "{[/demoController/getUserByIdTestRedis],methods=[],params=[],headers=[],consumes=[],produces=[],custom=[]}" onto public java.lang.String com.camelot.example.controller.DemoController.getUserByIdTestRedis(org.springframework.ui.Model)
2015-03-03 11:08:49,849 INFO  org.springframework.web.servlet.mvc.method.annotation.RequestMappingHandlerMapping.registerHandlerMethod:178 - Mapped "{[/classname/methodname/{参数}],methods=[],params=[],headers=[],consumes=[],produces=[],custom=[]}" onto public java.lang.String com.camelot.example.controller.ExampleContorller.redirect()
2015-03-03 11:08:49,849 INFO  org.springframework.web.servlet.mvc.method.annotation.RequestMappingHandlerMapping.registerHandlerMethod:178 - Mapped "{[/classname/doLoginAndCart],methods=[],params=[],headers=[],consumes=[],produces=[],custom=[]}" onto public java.lang.String com.camelot.example.controller.ExampleContorller.doLoginAndCart(org.springframework.ui.Model,javax.servlet.http.HttpServletRequest,javax.servlet.http.HttpServletResponse)
2015-03-03 11:08:49,849 INFO  org.springframework.web.servlet.mvc.method.annotation.RequestMappingHandlerMapping.registerHandlerMethod:178 - Mapped "{[/classname/loginAndCart],methods=[],params=[],headers=[],consumes=[],produces=[],custom=[]}" onto public java.lang.String com.camelot.example.controller.ExampleContorller.loginAndCart(org.springframework.ui.Model,javax.servlet.http.HttpServletRequest,javax.servlet.http.HttpServletResponse)
2015-03-03 11:08:49,849 INFO  org.springframework.web.servlet.mvc.method.annotation.RequestMappingHandlerMapping.registerHandlerMethod:178 - Mapped "{[/classname/methodname/{id}],methods=[],params=[],headers=[],consumes=[],produces=[],custom=[]}" onto public java.lang.String com.camelot.example.controller.ExampleContorller.testAjax()
2015-03-03 11:08:49,849 INFO  org.springframework.web.servlet.mvc.method.annotation.RequestMappingHandlerMapping.registerHandlerMethod:178 - Mapped "{[/classname/methodname/{id}/{name}],methods=[],params=[],headers=[],consumes=[],produces=[],custom=[]}" onto public java.lang.String com.camelot.example.controller.ExampleContorller.test(java.lang.String,org.springframework.ui.Model,com.camelot.example.domain.Demo)
2015-03-03 11:08:49,942 INFO  org.springframework.web.servlet.handler.SimpleUrlHandlerMapping.registerHandler:315 - Mapped URL path [/static/**] onto handler 'org.springframework.web.servlet.resource.ResourceHttpRequestHandler#0'
2015-03-03 11:08:50,051 INFO  org.springframework.web.servlet.view.velocity.VelocityConfigurer.postProcessVelocityEngine:139 - ClasspathResourceLoader with name 'springMacro' added to configured VelocityEngine
2015-03-03 11:08:50,129 INFO  org.springframework.web.servlet.handler.SimpleUrlHandlerMapping.registerHandler:315 - Mapped URL path [/500] onto handler of type [class org.springframework.web.servlet.mvc.ParameterizableViewController]
2015-03-03 11:08:50,129 INFO  org.springframework.web.servlet.handler.SimpleUrlHandlerMapping.registerHandler:315 - Mapped URL path [/404] onto handler of type [class org.springframework.web.servlet.mvc.ParameterizableViewController]
2015-03-03 11:08:50,129 INFO  org.springframework.web.servlet.handler.SimpleUrlHandlerMapping.registerHandler:315 - Mapped URL path [/error] onto handler of type [class org.springframework.web.servlet.mvc.ParameterizableViewController]
2015-03-03 11:08:50,145 INFO  org.springframework.web.servlet.DispatcherServlet.initServletBean:474 - FrameworkServlet 'springmvc': initialization completed in 547 ms
2015-03-03 11:09:12,353 INFO  org.springframework.web.context.support.XmlWebApplicationContext.doClose:1042 - Closing WebApplicationContext for namespace 'springmvc-servlet': startup date [Tue Mar 03 11:08:49 CST 2015]; parent: Root WebApplicationContext
2015-03-03 11:09:12,369 INFO  org.springframework.beans.factory.support.DefaultListableBeanFactory.destroySingletons:444 - Destroying singletons in org.springframework.beans.factory.support.DefaultListableBeanFactory@bbafc7: defining beans [org.springframework.web.servlet.mvc.method.annotation.RequestMappingHandlerAdapter#0,demoController,exampleContorller,org.springframework.context.annotation.internalConfigurationAnnotationProcessor,org.springframework.context.annotation.internalAutowiredAnnotationProcessor,org.springframework.context.annotation.internalRequiredAnnotationProcessor,org.springframework.context.annotation.internalCommonAnnotationProcessor,mvcContentNegotiationManager,org.springframework.web.servlet.mvc.method.annotation.RequestMappingHandlerMapping#0,org.springframework.format.support.FormattingConversionServiceFactoryBean#0,org.springframework.web.servlet.mvc.method.annotation.RequestMappingHandlerAdapter#1,org.springframework.web.servlet.handler.MappedInterceptor#0,org.springframework.web.servlet.mvc.method.annotation.ExceptionHandlerExceptionResolver#0,org.springframework.web.servlet.mvc.annotation.ResponseStatusExceptionResolver#0,org.springframework.web.servlet.mvc.support.DefaultHandlerExceptionResolver#0,org.springframework.web.servlet.handler.BeanNameUrlHandlerMapping,org.springframework.web.servlet.mvc.HttpRequestHandlerAdapter,org.springframework.web.servlet.mvc.SimpleControllerHandlerAdapter,org.springframework.web.servlet.resource.ResourceHttpRequestHandler#0,org.springframework.web.servlet.handler.SimpleUrlHandlerMapping#0,velocityEngine,velocityConfig,velocityViewResolver,org.springframework.web.servlet.handler.SimpleMappingExceptionResolver#0,org.springframework.web.servlet.config.viewControllerHandlerMapping,org.springframework.context.annotation.ConfigurationClassPostProcessor.importAwareProcessor]; parent: org.springframework.beans.factory.support.DefaultListableBeanFactory@185824c
2015-03-03 11:09:12,369 INFO  org.springframework.web.context.support.XmlWebApplicationContext.doClose:1042 - Closing Root WebApplicationContext: startup date [Tue Mar 03 11:08:47 CST 2015]; root of context hierarchy
2015-03-03 11:09:12,369 INFO  org.springframework.beans.factory.support.DefaultListableBeanFactory.destroySingletons:444 - Destroying singletons in org.springframework.beans.factory.support.DefaultListableBeanFactory@185824c: defining beans [com.camelot.openplatform.util.SpringApplicationContextHolder#0,com.camelot.openplatform.util.SystemBootstrap#0,org.springframework.context.annotation.internalConfigurationAnnotationProcessor,org.springframework.context.annotation.internalAutowiredAnnotationProcessor,org.springframework.context.annotation.internalRequiredAnnotationProcessor,org.springframework.context.annotation.internalCommonAnnotationProcessor,demoController,exampleContorller,demoExportService,redisDB,marketcenter,qingdaoRegistry,com.alibaba.dubbo.config.ProviderConfig,transactionManager,org.springframework.aop.config.internalAutoProxyCreator,org.springframework.transaction.annotation.AnnotationTransactionAttributeSource#0,org.springframework.transaction.interceptor.TransactionInterceptor#0,org.springframework.transaction.config.internalTransactionAdvisor,txAdvice,interceptorPointCuts,org.springframework.aop.support.DefaultBeanFactoryPointcutAdvisor#0,dataSource,sqlSessionFactory,org.mybatis.spring.mapper.MapperScannerConfigurer#0,jedisPoolConfig,jedisPool,org.springframework.context.annotation.ConfigurationClassPostProcessor.importAwareProcessor,demoMybatisDAO,baseDAO]; root of factory hierarchy
2015-03-03 11:09:12,620 INFO  org.springframework.web.context.ContextLoader.initWebApplicationContext:273 - Root WebApplicationContext: initialization started
2015-03-03 11:09:12,690 INFO  org.springframework.web.context.support.XmlWebApplicationContext.prepareRefresh:510 - Refreshing Root WebApplicationContext: startup date [Tue Mar 03 11:09:12 CST 2015]; root of context hierarchy
2015-03-03 11:09:12,732 INFO  org.springframework.beans.factory.xml.XmlBeanDefinitionReader.loadBeanDefinitions:315 - Loading XML bean definitions from file [F:\Workspaces\kywd\trunk\marketcenter\marketcenter-service\target\classes\spring\spring-common.xml]
2015-03-03 11:09:12,825 INFO  org.springframework.beans.factory.xml.XmlBeanDefinitionReader.loadBeanDefinitions:315 - Loading XML bean definitions from file [F:\Workspaces\kywd\trunk\marketcenter\marketcenter-service\target\classes\spring\spring-dubbo.xml]
2015-03-03 11:09:12,856 INFO  com.alibaba.dubbo.common.logger.LoggerFactory.?:? - using logger: com.alibaba.dubbo.common.logger.log4j.Log4jLoggerAdapter
2015-03-03 11:09:12,919 WARN  com.alibaba.dubbo.config.spring.schema.DubboBeanDefinitionParser.parse:199 -  [DUBBO] Recommended replace <dubbo:provider protocol="dubbo" ... /> to <dubbo:protocol name="dubbo" ... />, dubbo version: 2.4.9, current host: 127.0.0.1
2015-03-03 11:09:12,919 INFO  org.springframework.beans.factory.xml.XmlBeanDefinitionReader.loadBeanDefinitions:315 - Loading XML bean definitions from file [F:\Workspaces\kywd\trunk\marketcenter\marketcenter-service\target\classes\spring\spring-transaction.xml]
2015-03-03 11:09:12,950 INFO  org.springframework.beans.factory.xml.XmlBeanDefinitionReader.loadBeanDefinitions:315 - Loading XML bean definitions from file [F:\Workspaces\kywd\trunk\marketcenter\marketcenter-dao\target\classes\spring\spring-datasource.xml]
2015-03-03 11:09:12,966 INFO  org.springframework.beans.factory.xml.XmlBeanDefinitionReader.loadBeanDefinitions:315 - Loading XML bean definitions from file [F:\Workspaces\kywd\trunk\marketcenter\marketcenter-dao\target\classes\spring\spring-mybatis.xml]
2015-03-03 11:09:12,966 INFO  org.springframework.beans.factory.xml.XmlBeanDefinitionReader.loadBeanDefinitions:315 - Loading XML bean definitions from file [F:\Workspaces\kywd\trunk\marketcenter\marketcenter-dao\target\classes\spring\spring-redis.xml]
2015-03-03 11:09:13,676 INFO  org.springframework.beans.factory.support.DefaultListableBeanFactory.preInstantiateSingletons:596 - Pre-instantiating singletons in org.springframework.beans.factory.support.DefaultListableBeanFactory@153097e: defining beans [com.camelot.openplatform.util.SpringApplicationContextHolder#0,com.camelot.openplatform.util.SystemBootstrap#0,org.springframework.context.annotation.internalConfigurationAnnotationProcessor,org.springframework.context.annotation.internalAutowiredAnnotationProcessor,org.springframework.context.annotation.internalRequiredAnnotationProcessor,org.springframework.context.annotation.internalCommonAnnotationProcessor,demoController,exampleContorller,demoExportService,redisDB,marketcenter,qingdaoRegistry,com.alibaba.dubbo.config.ProviderConfig,transactionManager,org.springframework.aop.config.internalAutoProxyCreator,org.springframework.transaction.annotation.AnnotationTransactionAttributeSource#0,org.springframework.transaction.interceptor.TransactionInterceptor#0,org.springframework.transaction.config.internalTransactionAdvisor,txAdvice,interceptorPointCuts,org.springframework.aop.support.DefaultBeanFactoryPointcutAdvisor#0,dataSource,sqlSessionFactory,org.mybatis.spring.mapper.MapperScannerConfigurer#0,jedisPoolConfig,jedisPool,org.springframework.context.annotation.ConfigurationClassPostProcessor.importAwareProcessor,demoMybatisDAO,baseDAO]; root of factory hierarchy
2015-03-03 11:09:13,833 INFO  com.camelot.openplatform.util.SystemBootstrap.afterPropertiesSet:31 - 系统配置项:{server.name=marketcenter}
2015-03-03 11:09:14,098 INFO  org.springframework.web.context.ContextLoader.initWebApplicationContext:313 - Root WebApplicationContext: initialization completed in 1478 ms
2015-03-03 11:09:14,129 INFO  org.springframework.web.servlet.DispatcherServlet.initServletBean:455 - FrameworkServlet 'springmvc': initialization started
2015-03-03 11:09:14,129 INFO  org.springframework.web.context.support.XmlWebApplicationContext.prepareRefresh:510 - Refreshing WebApplicationContext for namespace 'springmvc-servlet': startup date [Tue Mar 03 11:09:14 CST 2015]; parent: Root WebApplicationContext
2015-03-03 11:09:14,129 INFO  org.springframework.beans.factory.xml.XmlBeanDefinitionReader.loadBeanDefinitions:315 - Loading XML bean definitions from class path resource [spring/springmvc-servlet.xml]
2015-03-03 11:09:14,224 INFO  org.springframework.beans.factory.support.DefaultListableBeanFactory.preInstantiateSingletons:596 - Pre-instantiating singletons in org.springframework.beans.factory.support.DefaultListableBeanFactory@8de184: defining beans [org.springframework.web.servlet.mvc.method.annotation.RequestMappingHandlerAdapter#0,demoController,exampleContorller,org.springframework.context.annotation.internalConfigurationAnnotationProcessor,org.springframework.context.annotation.internalAutowiredAnnotationProcessor,org.springframework.context.annotation.internalRequiredAnnotationProcessor,org.springframework.context.annotation.internalCommonAnnotationProcessor,mvcContentNegotiationManager,org.springframework.web.servlet.mvc.method.annotation.RequestMappingHandlerMapping#0,org.springframework.format.support.FormattingConversionServiceFactoryBean#0,org.springframework.web.servlet.mvc.method.annotation.RequestMappingHandlerAdapter#1,org.springframework.web.servlet.handler.MappedInterceptor#0,org.springframework.web.servlet.mvc.method.annotation.ExceptionHandlerExceptionResolver#0,org.springframework.web.servlet.mvc.annotation.ResponseStatusExceptionResolver#0,org.springframework.web.servlet.mvc.support.DefaultHandlerExceptionResolver#0,org.springframework.web.servlet.handler.BeanNameUrlHandlerMapping,org.springframework.web.servlet.mvc.HttpRequestHandlerAdapter,org.springframework.web.servlet.mvc.SimpleControllerHandlerAdapter,org.springframework.web.servlet.resource.ResourceHttpRequestHandler#0,org.springframework.web.servlet.handler.SimpleUrlHandlerMapping#0,velocityEngine,velocityConfig,velocityViewResolver,org.springframework.web.servlet.handler.SimpleMappingExceptionResolver#0,org.springframework.web.servlet.config.viewControllerHandlerMapping,org.springframework.context.annotation.ConfigurationClassPostProcessor.importAwareProcessor]; parent: org.springframework.beans.factory.support.DefaultListableBeanFactory@153097e
2015-03-03 11:09:14,349 INFO  org.springframework.web.servlet.mvc.method.annotation.RequestMappingHandlerMapping.registerHandlerMethod:178 - Mapped "{[/demoController/getUserByIdTestMybatis],methods=[],params=[],headers=[],consumes=[],produces=[],custom=[]}" onto public java.lang.String com.camelot.example.controller.DemoController.getUserByIdTestMybatis(org.springframework.ui.Model)
2015-03-03 11:09:14,349 INFO  org.springframework.web.servlet.mvc.method.annotation.RequestMappingHandlerMapping.registerHandlerMethod:178 - Mapped "{[/demoController/getUserByIdTestNo],methods=[],params=[],headers=[],consumes=[],produces=[],custom=[]}" onto public java.lang.String com.camelot.example.controller.DemoController.getUserByIdTestNo(org.springframework.ui.Model)
2015-03-03 11:09:14,349 INFO  org.springframework.web.servlet.mvc.method.annotation.RequestMappingHandlerMapping.registerHandlerMethod:178 - Mapped "{[/demoController/getUserByIdTestRedis],methods=[],params=[],headers=[],consumes=[],produces=[],custom=[]}" onto public java.lang.String com.camelot.example.controller.DemoController.getUserByIdTestRedis(org.springframework.ui.Model)
2015-03-03 11:09:14,349 INFO  org.springframework.web.servlet.mvc.method.annotation.RequestMappingHandlerMapping.registerHandlerMethod:178 - Mapped "{[/classname/methodname/{参数}],methods=[],params=[],headers=[],consumes=[],produces=[],custom=[]}" onto public java.lang.String com.camelot.example.controller.ExampleContorller.redirect()
2015-03-03 11:09:14,349 INFO  org.springframework.web.servlet.mvc.method.annotation.RequestMappingHandlerMapping.registerHandlerMethod:178 - Mapped "{[/classname/doLoginAndCart],methods=[],params=[],headers=[],consumes=[],produces=[],custom=[]}" onto public java.lang.String com.camelot.example.controller.ExampleContorller.doLoginAndCart(org.springframework.ui.Model,javax.servlet.http.HttpServletRequest,javax.servlet.http.HttpServletResponse)
2015-03-03 11:09:14,349 INFO  org.springframework.web.servlet.mvc.method.annotation.RequestMappingHandlerMapping.registerHandlerMethod:178 - Mapped "{[/classname/loginAndCart],methods=[],params=[],headers=[],consumes=[],produces=[],custom=[]}" onto public java.lang.String com.camelot.example.controller.ExampleContorller.loginAndCart(org.springframework.ui.Model,javax.servlet.http.HttpServletRequest,javax.servlet.http.HttpServletResponse)
2015-03-03 11:09:14,349 INFO  org.springframework.web.servlet.mvc.method.annotation.RequestMappingHandlerMapping.registerHandlerMethod:178 - Mapped "{[/classname/methodname/{id}],methods=[],params=[],headers=[],consumes=[],produces=[],custom=[]}" onto public java.lang.String com.camelot.example.controller.ExampleContorller.testAjax()
2015-03-03 11:09:14,349 INFO  org.springframework.web.servlet.mvc.method.annotation.RequestMappingHandlerMapping.registerHandlerMethod:178 - Mapped "{[/classname/methodname/{id}/{name}],methods=[],params=[],headers=[],consumes=[],produces=[],custom=[]}" onto public java.lang.String com.camelot.example.controller.ExampleContorller.test(java.lang.String,org.springframework.ui.Model,com.camelot.example.domain.Demo)
2015-03-03 11:09:14,427 INFO  org.springframework.web.servlet.handler.SimpleUrlHandlerMapping.registerHandler:315 - Mapped URL path [/static/**] onto handler 'org.springframework.web.servlet.resource.ResourceHttpRequestHandler#0'
2015-03-03 11:09:14,520 INFO  org.springframework.web.servlet.view.velocity.VelocityConfigurer.postProcessVelocityEngine:139 - ClasspathResourceLoader with name 'springMacro' added to configured VelocityEngine
2015-03-03 11:09:14,676 INFO  org.springframework.web.servlet.handler.SimpleUrlHandlerMapping.registerHandler:315 - Mapped URL path [/500] onto handler of type [class org.springframework.web.servlet.mvc.ParameterizableViewController]
2015-03-03 11:09:14,676 INFO  org.springframework.web.servlet.handler.SimpleUrlHandlerMapping.registerHandler:315 - Mapped URL path [/404] onto handler of type [class org.springframework.web.servlet.mvc.ParameterizableViewController]
2015-03-03 11:09:14,676 INFO  org.springframework.web.servlet.handler.SimpleUrlHandlerMapping.registerHandler:315 - Mapped URL path [/error] onto handler of type [class org.springframework.web.servlet.mvc.ParameterizableViewController]
2015-03-03 11:09:14,692 INFO  org.springframework.web.servlet.DispatcherServlet.initServletBean:474 - FrameworkServlet 'springmvc': initialization completed in 563 ms
2015-03-03 11:09:17,384 INFO  org.springframework.web.context.support.XmlWebApplicationContext.doClose:1042 - Closing WebApplicationContext for namespace 'springmvc-servlet': startup date [Tue Mar 03 11:09:14 CST 2015]; parent: Root WebApplicationContext
2015-03-03 11:09:17,384 INFO  org.springframework.beans.factory.support.DefaultListableBeanFactory.destroySingletons:444 - Destroying singletons in org.springframework.beans.factory.support.DefaultListableBeanFactory@8de184: defining beans [org.springframework.web.servlet.mvc.method.annotation.RequestMappingHandlerAdapter#0,demoController,exampleContorller,org.springframework.context.annotation.internalConfigurationAnnotationProcessor,org.springframework.context.annotation.internalAutowiredAnnotationProcessor,org.springframework.context.annotation.internalRequiredAnnotationProcessor,org.springframework.context.annotation.internalCommonAnnotationProcessor,mvcContentNegotiationManager,org.springframework.web.servlet.mvc.method.annotation.RequestMappingHandlerMapping#0,org.springframework.format.support.FormattingConversionServiceFactoryBean#0,org.springframework.web.servlet.mvc.method.annotation.RequestMappingHandlerAdapter#1,org.springframework.web.servlet.handler.MappedInterceptor#0,org.springframework.web.servlet.mvc.method.annotation.ExceptionHandlerExceptionResolver#0,org.springframework.web.servlet.mvc.annotation.ResponseStatusExceptionResolver#0,org.springframework.web.servlet.mvc.support.DefaultHandlerExceptionResolver#0,org.springframework.web.servlet.handler.BeanNameUrlHandlerMapping,org.springframework.web.servlet.mvc.HttpRequestHandlerAdapter,org.springframework.web.servlet.mvc.SimpleControllerHandlerAdapter,org.springframework.web.servlet.resource.ResourceHttpRequestHandler#0,org.springframework.web.servlet.handler.SimpleUrlHandlerMapping#0,velocityEngine,velocityConfig,velocityViewResolver,org.springframework.web.servlet.handler.SimpleMappingExceptionResolver#0,org.springframework.web.servlet.config.viewControllerHandlerMapping,org.springframework.context.annotation.ConfigurationClassPostProcessor.importAwareProcessor]; parent: org.springframework.beans.factory.support.DefaultListableBeanFactory@153097e
2015-03-03 11:09:17,384 INFO  org.springframework.web.context.support.XmlWebApplicationContext.doClose:1042 - Closing Root WebApplicationContext: startup date [Tue Mar 03 11:09:12 CST 2015]; root of context hierarchy
2015-03-03 11:09:17,384 INFO  org.springframework.beans.factory.support.DefaultListableBeanFactory.destroySingletons:444 - Destroying singletons in org.springframework.beans.factory.support.DefaultListableBeanFactory@153097e: defining beans [com.camelot.openplatform.util.SpringApplicationContextHolder#0,com.camelot.openplatform.util.SystemBootstrap#0,org.springframework.context.annotation.internalConfigurationAnnotationProcessor,org.springframework.context.annotation.internalAutowiredAnnotationProcessor,org.springframework.context.annotation.internalRequiredAnnotationProcessor,org.springframework.context.annotation.internalCommonAnnotationProcessor,demoController,exampleContorller,demoExportService,redisDB,marketcenter,qingdaoRegistry,com.alibaba.dubbo.config.ProviderConfig,transactionManager,org.springframework.aop.config.internalAutoProxyCreator,org.springframework.transaction.annotation.AnnotationTransactionAttributeSource#0,org.springframework.transaction.interceptor.TransactionInterceptor#0,org.springframework.transaction.config.internalTransactionAdvisor,txAdvice,interceptorPointCuts,org.springframework.aop.support.DefaultBeanFactoryPointcutAdvisor#0,dataSource,sqlSessionFactory,org.mybatis.spring.mapper.MapperScannerConfigurer#0,jedisPoolConfig,jedisPool,org.springframework.context.annotation.ConfigurationClassPostProcessor.importAwareProcessor,demoMybatisDAO,baseDAO]; root of factory hierarchy
2015-03-03 11:09:17,588 INFO  org.springframework.web.context.ContextLoader.initWebApplicationContext:273 - Root WebApplicationContext: initialization started
2015-03-03 11:09:17,650 INFO  org.springframework.web.context.support.XmlWebApplicationContext.prepareRefresh:510 - Refreshing Root WebApplicationContext: startup date [Tue Mar 03 11:09:17 CST 2015]; root of context hierarchy
2015-03-03 11:09:17,697 INFO  org.springframework.beans.factory.xml.XmlBeanDefinitionReader.loadBeanDefinitions:315 - Loading XML bean definitions from file [F:\Workspaces\kywd\trunk\marketcenter\marketcenter-service\target\classes\spring\spring-common.xml]
2015-03-03 11:09:17,791 INFO  org.springframework.beans.factory.xml.XmlBeanDefinitionReader.loadBeanDefinitions:315 - Loading XML bean definitions from file [F:\Workspaces\kywd\trunk\marketcenter\marketcenter-service\target\classes\spring\spring-dubbo.xml]
2015-03-03 11:09:17,806 INFO  com.alibaba.dubbo.common.logger.LoggerFactory.?:? - using logger: com.alibaba.dubbo.common.logger.log4j.Log4jLoggerAdapter
2015-03-03 11:09:17,853 WARN  com.alibaba.dubbo.config.spring.schema.DubboBeanDefinitionParser.parse:199 -  [DUBBO] Recommended replace <dubbo:provider protocol="dubbo" ... /> to <dubbo:protocol name="dubbo" ... />, dubbo version: 2.4.9, current host: 127.0.0.1
2015-03-03 11:09:17,853 INFO  org.springframework.beans.factory.xml.XmlBeanDefinitionReader.loadBeanDefinitions:315 - Loading XML bean definitions from file [F:\Workspaces\kywd\trunk\marketcenter\marketcenter-service\target\classes\spring\spring-transaction.xml]
2015-03-03 11:09:18,009 INFO  org.springframework.beans.factory.support.DefaultListableBeanFactory.preInstantiateSingletons:596 - Pre-instantiating singletons in org.springframework.beans.factory.support.DefaultListableBeanFactory@23a4c5: defining beans [com.camelot.openplatform.util.SpringApplicationContextHolder#0,com.camelot.openplatform.util.SystemBootstrap#0,org.springframework.context.annotation.internalConfigurationAnnotationProcessor,org.springframework.context.annotation.internalAutowiredAnnotationProcessor,org.springframework.context.annotation.internalRequiredAnnotationProcessor,org.springframework.context.annotation.internalCommonAnnotationProcessor,demoController,exampleContorller,demoExportService,marketcenter,qingdaoRegistry,com.alibaba.dubbo.config.ProviderConfig,transactionManager,org.springframework.aop.config.internalAutoProxyCreator,org.springframework.transaction.annotation.AnnotationTransactionAttributeSource#0,org.springframework.transaction.interceptor.TransactionInterceptor#0,org.springframework.transaction.config.internalTransactionAdvisor,txAdvice,interceptorPointCuts,org.springframework.aop.support.DefaultBeanFactoryPointcutAdvisor#0,org.springframework.context.annotation.ConfigurationClassPostProcessor.importAwareProcessor]; root of factory hierarchy
2015-03-03 11:09:18,220 INFO  com.camelot.openplatform.util.SystemBootstrap.afterPropertiesSet:31 - 系统配置项:{server.name=marketcenter}
2015-03-03 11:09:18,236 INFO  org.springframework.beans.factory.support.DefaultListableBeanFactory.destroySingletons:444 - Destroying singletons in org.springframework.beans.factory.support.DefaultListableBeanFactory@23a4c5: defining beans [com.camelot.openplatform.util.SpringApplicationContextHolder#0,com.camelot.openplatform.util.SystemBootstrap#0,org.springframework.context.annotation.internalConfigurationAnnotationProcessor,org.springframework.context.annotation.internalAutowiredAnnotationProcessor,org.springframework.context.annotation.internalRequiredAnnotationProcessor,org.springframework.context.annotation.internalCommonAnnotationProcessor,demoController,exampleContorller,demoExportService,marketcenter,qingdaoRegistry,com.alibaba.dubbo.config.ProviderConfig,transactionManager,org.springframework.aop.config.internalAutoProxyCreator,org.springframework.transaction.annotation.AnnotationTransactionAttributeSource#0,org.springframework.transaction.interceptor.TransactionInterceptor#0,org.springframework.transaction.config.internalTransactionAdvisor,txAdvice,interceptorPointCuts,org.springframework.aop.support.DefaultBeanFactoryPointcutAdvisor#0,org.springframework.context.annotation.ConfigurationClassPostProcessor.importAwareProcessor]; root of factory hierarchy
2015-03-03 11:09:18,236 ERROR org.springframework.web.context.ContextLoader.initWebApplicationContext:319 - Context initialization failed
org.springframework.beans.factory.BeanCreationException: Error creating bean with name 'demoController': Injection of resource dependencies failed; nested exception is java.lang.NoClassDefFoundError: Lcom/camelot/openplatform/dao/util/RedisDB;
	at org.springframework.context.annotation.CommonAnnotationBeanPostProcessor.postProcessPropertyValues(CommonAnnotationBeanPostProcessor.java:306)
	at org.springframework.beans.factory.support.AbstractAutowireCapableBeanFactory.populateBean(AbstractAutowireCapableBeanFactory.java:1120)
	at org.springframework.beans.factory.support.AbstractAutowireCapableBeanFactory.doCreateBean(AbstractAutowireCapableBeanFactory.java:522)
	at org.springframework.beans.factory.support.AbstractAutowireCapableBeanFactory.createBean(AbstractAutowireCapableBeanFactory.java:461)
	at org.springframework.beans.factory.support.AbstractBeanFactory$1.getObject(AbstractBeanFactory.java:295)
	at org.springframework.beans.factory.support.DefaultSingletonBeanRegistry.getSingleton(DefaultSingletonBeanRegistry.java:223)
	at org.springframework.beans.factory.support.AbstractBeanFactory.doGetBean(AbstractBeanFactory.java:292)
	at org.springframework.beans.factory.support.AbstractBeanFactory.getBean(AbstractBeanFactory.java:194)
	at org.springframework.beans.factory.support.DefaultListableBeanFactory.preInstantiateSingletons(DefaultListableBeanFactory.java:626)
	at org.springframework.context.support.AbstractApplicationContext.finishBeanFactoryInitialization(AbstractApplicationContext.java:932)
	at org.springframework.context.support.AbstractApplicationContext.refresh(AbstractApplicationContext.java:479)
	at org.springframework.web.context.ContextLoader.configureAndRefreshWebApplicationContext(ContextLoader.java:389)
	at org.springframework.web.context.ContextLoader.initWebApplicationContext(ContextLoader.java:294)
	at org.springframework.web.context.ContextLoaderListener.contextInitialized(ContextLoaderListener.java:112)
	at org.mortbay.jetty.handler.ContextHandler.startContext(ContextHandler.java:549)
	at org.mortbay.jetty.servlet.Context.startContext(Context.java:136)
	at org.mortbay.jetty.webapp.WebAppContext.startContext(WebAppContext.java:1282)
	at org.mortbay.jetty.handler.ContextHandler.doStart(ContextHandler.java:518)
	at org.mortbay.jetty.webapp.WebAppContext.doStart(WebAppContext.java:499)
	at org.mortbay.component.AbstractLifeCycle.start(AbstractLifeCycle.java:50)
	at runjettyrun.Bootstrap$3.filesChanged(Bootstrap.java:465)
	at org.mortbay.util.Scanner.reportBulkChanges(Scanner.java:486)
	at org.mortbay.util.Scanner.reportDifferences(Scanner.java:352)
	at org.mortbay.util.Scanner.scan(Scanner.java:280)
	at org.mortbay.util.Scanner$1.run(Scanner.java:232)
	at java.util.TimerThread.mainLoop(Timer.java:555)
	at java.util.TimerThread.run(Timer.java:505)
Caused by: java.lang.NoClassDefFoundError: Lcom/camelot/openplatform/dao/util/RedisDB;
	at java.lang.Class.getDeclaredFields0(Native Method)
	at java.lang.Class.privateGetDeclaredFields(Class.java:2436)
	at java.lang.Class.getDeclaredFields(Class.java:1806)
	at org.springframework.context.annotation.CommonAnnotationBeanPostProcessor.findResourceMetadata(CommonAnnotationBeanPostProcessor.java:324)
	at org.springframework.context.annotation.CommonAnnotationBeanPostProcessor.postProcessMergedBeanDefinition(CommonAnnotationBeanPostProcessor.java:285)
	at org.springframework.beans.factory.support.AbstractAutowireCapableBeanFactory.applyMergedBeanDefinitionPostProcessors(AbstractAutowireCapableBeanFactory.java:844)
	at org.springframework.beans.factory.support.AbstractAutowireCapableBeanFactory.doCreateBean(AbstractAutowireCapableBeanFactory.java:498)
	at org.springframework.beans.factory.support.AbstractAutowireCapableBeanFactory.createBean(AbstractAutowireCapableBeanFactory.java:461)
	at org.springframework.beans.factory.support.AbstractBeanFactory$1.getObject(AbstractBeanFactory.java:295)
	at org.springframework.beans.factory.support.DefaultSingletonBeanRegistry.getSingleton(DefaultSingletonBeanRegistry.java:223)
	at org.springframework.beans.factory.support.AbstractBeanFactory.doGetBean(AbstractBeanFactory.java:292)
	at org.springframework.beans.factory.support.AbstractBeanFactory.getBean(AbstractBeanFactory.java:198)
	at org.springframework.context.annotation.CommonAnnotationBeanPostProcessor.autowireResource(CommonAnnotationBeanPostProcessor.java:442)
	at org.springframework.context.annotation.CommonAnnotationBeanPostProcessor.getResource(CommonAnnotationBeanPostProcessor.java:416)
	at org.springframework.context.annotation.CommonAnnotationBeanPostProcessor$ResourceElement.getResourceToInject(CommonAnnotationBeanPostProcessor.java:550)
	at org.springframework.beans.factory.annotation.InjectionMetadata$InjectedElement.inject(InjectionMetadata.java:150)
	at org.springframework.beans.factory.annotation.InjectionMetadata.inject(InjectionMetadata.java:87)
	at org.springframework.context.annotation.CommonAnnotationBeanPostProcessor.postProcessPropertyValues(CommonAnnotationBeanPostProcessor.java:303)
	... 26 more
Caused by: java.lang.ClassNotFoundException: com.camelot.openplatform.dao.util.RedisDB
	at java.net.URLClassLoader$1.run(URLClassLoader.java:366)
	at java.net.URLClassLoader$1.run(URLClassLoader.java:355)
	at java.security.AccessController.doPrivileged(Native Method)
	at java.net.URLClassLoader.findClass(URLClassLoader.java:354)
	at org.mortbay.jetty.webapp.WebAppClassLoader.loadClass(WebAppClassLoader.java:392)
	at runjettyrun.ProjectClassLoader.loadClass(ProjectClassLoader.java:82)
	... 44 more
2015-03-03 11:09:27,730 INFO  org.springframework.web.context.ContextLoader.initWebApplicationContext:273 - Root WebApplicationContext: initialization started
2015-03-03 11:09:27,778 INFO  org.springframework.web.context.support.XmlWebApplicationContext.prepareRefresh:510 - Refreshing Root WebApplicationContext: startup date [Tue Mar 03 11:09:27 CST 2015]; root of context hierarchy
2015-03-03 11:09:27,824 INFO  org.springframework.beans.factory.xml.XmlBeanDefinitionReader.loadBeanDefinitions:315 - Loading XML bean definitions from file [F:\Workspaces\kywd\trunk\marketcenter\marketcenter-service\target\classes\spring\spring-common.xml]
2015-03-03 11:09:27,934 INFO  org.springframework.beans.factory.xml.XmlBeanDefinitionReader.loadBeanDefinitions:315 - Loading XML bean definitions from file [F:\Workspaces\kywd\trunk\marketcenter\marketcenter-service\target\classes\spring\spring-dubbo.xml]
2015-03-03 11:09:27,965 INFO  com.alibaba.dubbo.common.logger.LoggerFactory.?:? - using logger: com.alibaba.dubbo.common.logger.log4j.Log4jLoggerAdapter
2015-03-03 11:09:28,012 WARN  com.alibaba.dubbo.config.spring.schema.DubboBeanDefinitionParser.parse:199 -  [DUBBO] Recommended replace <dubbo:provider protocol="dubbo" ... /> to <dubbo:protocol name="dubbo" ... />, dubbo version: 2.4.9, current host: 127.0.0.1
2015-03-03 11:09:28,012 INFO  org.springframework.beans.factory.xml.XmlBeanDefinitionReader.loadBeanDefinitions:315 - Loading XML bean definitions from file [F:\Workspaces\kywd\trunk\marketcenter\marketcenter-service\target\classes\spring\spring-transaction.xml]
2015-03-03 11:09:28,152 INFO  org.springframework.beans.factory.support.DefaultListableBeanFactory.preInstantiateSingletons:596 - Pre-instantiating singletons in org.springframework.beans.factory.support.DefaultListableBeanFactory@10ac4b5: defining beans [com.camelot.openplatform.util.SpringApplicationContextHolder#0,com.camelot.openplatform.util.SystemBootstrap#0,org.springframework.context.annotation.internalConfigurationAnnotationProcessor,org.springframework.context.annotation.internalAutowiredAnnotationProcessor,org.springframework.context.annotation.internalRequiredAnnotationProcessor,org.springframework.context.annotation.internalCommonAnnotationProcessor,demoController,exampleContorller,demoExportService,marketcenter,qingdaoRegistry,com.alibaba.dubbo.config.ProviderConfig,transactionManager,org.springframework.aop.config.internalAutoProxyCreator,org.springframework.transaction.annotation.AnnotationTransactionAttributeSource#0,org.springframework.transaction.interceptor.TransactionInterceptor#0,org.springframework.transaction.config.internalTransactionAdvisor,txAdvice,interceptorPointCuts,org.springframework.aop.support.DefaultBeanFactoryPointcutAdvisor#0,org.springframework.context.annotation.ConfigurationClassPostProcessor.importAwareProcessor]; root of factory hierarchy
2015-03-03 11:09:28,339 INFO  com.camelot.openplatform.util.SystemBootstrap.afterPropertiesSet:31 - 系统配置项:{server.name=marketcenter}
2015-03-03 11:09:28,339 INFO  org.springframework.beans.factory.support.DefaultListableBeanFactory.destroySingletons:444 - Destroying singletons in org.springframework.beans.factory.support.DefaultListableBeanFactory@10ac4b5: defining beans [com.camelot.openplatform.util.SpringApplicationContextHolder#0,com.camelot.openplatform.util.SystemBootstrap#0,org.springframework.context.annotation.internalConfigurationAnnotationProcessor,org.springframework.context.annotation.internalAutowiredAnnotationProcessor,org.springframework.context.annotation.internalRequiredAnnotationProcessor,org.springframework.context.annotation.internalCommonAnnotationProcessor,demoController,exampleContorller,demoExportService,marketcenter,qingdaoRegistry,com.alibaba.dubbo.config.ProviderConfig,transactionManager,org.springframework.aop.config.internalAutoProxyCreator,org.springframework.transaction.annotation.AnnotationTransactionAttributeSource#0,org.springframework.transaction.interceptor.TransactionInterceptor#0,org.springframework.transaction.config.internalTransactionAdvisor,txAdvice,interceptorPointCuts,org.springframework.aop.support.DefaultBeanFactoryPointcutAdvisor#0,org.springframework.context.annotation.ConfigurationClassPostProcessor.importAwareProcessor]; root of factory hierarchy
2015-03-03 11:09:28,339 ERROR org.springframework.web.context.ContextLoader.initWebApplicationContext:319 - Context initialization failed
org.springframework.beans.factory.BeanCreationException: Error creating bean with name 'demoController': Injection of resource dependencies failed; nested exception is java.lang.NoClassDefFoundError: Lcom/camelot/openplatform/dao/util/RedisDB;
	at org.springframework.context.annotation.CommonAnnotationBeanPostProcessor.postProcessPropertyValues(CommonAnnotationBeanPostProcessor.java:306)
	at org.springframework.beans.factory.support.AbstractAutowireCapableBeanFactory.populateBean(AbstractAutowireCapableBeanFactory.java:1120)
	at org.springframework.beans.factory.support.AbstractAutowireCapableBeanFactory.doCreateBean(AbstractAutowireCapableBeanFactory.java:522)
	at org.springframework.beans.factory.support.AbstractAutowireCapableBeanFactory.createBean(AbstractAutowireCapableBeanFactory.java:461)
	at org.springframework.beans.factory.support.AbstractBeanFactory$1.getObject(AbstractBeanFactory.java:295)
	at org.springframework.beans.factory.support.DefaultSingletonBeanRegistry.getSingleton(DefaultSingletonBeanRegistry.java:223)
	at org.springframework.beans.factory.support.AbstractBeanFactory.doGetBean(AbstractBeanFactory.java:292)
	at org.springframework.beans.factory.support.AbstractBeanFactory.getBean(AbstractBeanFactory.java:194)
	at org.springframework.beans.factory.support.DefaultListableBeanFactory.preInstantiateSingletons(DefaultListableBeanFactory.java:626)
	at org.springframework.context.support.AbstractApplicationContext.finishBeanFactoryInitialization(AbstractApplicationContext.java:932)
	at org.springframework.context.support.AbstractApplicationContext.refresh(AbstractApplicationContext.java:479)
	at org.springframework.web.context.ContextLoader.configureAndRefreshWebApplicationContext(ContextLoader.java:389)
	at org.springframework.web.context.ContextLoader.initWebApplicationContext(ContextLoader.java:294)
	at org.springframework.web.context.ContextLoaderListener.contextInitialized(ContextLoaderListener.java:112)
	at org.mortbay.jetty.handler.ContextHandler.startContext(ContextHandler.java:549)
	at org.mortbay.jetty.servlet.Context.startContext(Context.java:136)
	at org.mortbay.jetty.webapp.WebAppContext.startContext(WebAppContext.java:1282)
	at org.mortbay.jetty.handler.ContextHandler.doStart(ContextHandler.java:518)
	at org.mortbay.jetty.webapp.WebAppContext.doStart(WebAppContext.java:499)
	at org.mortbay.component.AbstractLifeCycle.start(AbstractLifeCycle.java:50)
	at runjettyrun.Bootstrap$3.filesChanged(Bootstrap.java:465)
	at org.mortbay.util.Scanner.reportBulkChanges(Scanner.java:486)
	at org.mortbay.util.Scanner.reportDifferences(Scanner.java:352)
	at org.mortbay.util.Scanner.scan(Scanner.java:280)
	at org.mortbay.util.Scanner$1.run(Scanner.java:232)
	at java.util.TimerThread.mainLoop(Timer.java:555)
	at java.util.TimerThread.run(Timer.java:505)
Caused by: java.lang.NoClassDefFoundError: Lcom/camelot/openplatform/dao/util/RedisDB;
	at java.lang.Class.getDeclaredFields0(Native Method)
	at java.lang.Class.privateGetDeclaredFields(Class.java:2436)
	at java.lang.Class.getDeclaredFields(Class.java:1806)
	at org.springframework.context.annotation.CommonAnnotationBeanPostProcessor.findResourceMetadata(CommonAnnotationBeanPostProcessor.java:324)
	at org.springframework.context.annotation.CommonAnnotationBeanPostProcessor.postProcessMergedBeanDefinition(CommonAnnotationBeanPostProcessor.java:285)
	at org.springframework.beans.factory.support.AbstractAutowireCapableBeanFactory.applyMergedBeanDefinitionPostProcessors(AbstractAutowireCapableBeanFactory.java:844)
	at org.springframework.beans.factory.support.AbstractAutowireCapableBeanFactory.doCreateBean(AbstractAutowireCapableBeanFactory.java:498)
	at org.springframework.beans.factory.support.AbstractAutowireCapableBeanFactory.createBean(AbstractAutowireCapableBeanFactory.java:461)
	at org.springframework.beans.factory.support.AbstractBeanFactory$1.getObject(AbstractBeanFactory.java:295)
	at org.springframework.beans.factory.support.DefaultSingletonBeanRegistry.getSingleton(DefaultSingletonBeanRegistry.java:223)
	at org.springframework.beans.factory.support.AbstractBeanFactory.doGetBean(AbstractBeanFactory.java:292)
	at org.springframework.beans.factory.support.AbstractBeanFactory.getBean(AbstractBeanFactory.java:198)
	at org.springframework.context.annotation.CommonAnnotationBeanPostProcessor.autowireResource(CommonAnnotationBeanPostProcessor.java:442)
	at org.springframework.context.annotation.CommonAnnotationBeanPostProcessor.getResource(CommonAnnotationBeanPostProcessor.java:416)
	at org.springframework.context.annotation.CommonAnnotationBeanPostProcessor$ResourceElement.getResourceToInject(CommonAnnotationBeanPostProcessor.java:550)
	at org.springframework.beans.factory.annotation.InjectionMetadata$InjectedElement.inject(InjectionMetadata.java:150)
	at org.springframework.beans.factory.annotation.InjectionMetadata.inject(InjectionMetadata.java:87)
	at org.springframework.context.annotation.CommonAnnotationBeanPostProcessor.postProcessPropertyValues(CommonAnnotationBeanPostProcessor.java:303)
	... 26 more
Caused by: java.lang.ClassNotFoundException: com.camelot.openplatform.dao.util.RedisDB
	at java.net.URLClassLoader$1.run(URLClassLoader.java:366)
	at java.net.URLClassLoader$1.run(URLClassLoader.java:355)
	at java.security.AccessController.doPrivileged(Native Method)
	at java.net.URLClassLoader.findClass(URLClassLoader.java:354)
	at org.mortbay.jetty.webapp.WebAppClassLoader.loadClass(WebAppClassLoader.java:392)
	at runjettyrun.ProjectClassLoader.loadClass(ProjectClassLoader.java:82)
	... 44 more
2015-03-03 11:09:32,553 INFO  org.springframework.web.context.ContextLoader.initWebApplicationContext:273 - Root WebApplicationContext: initialization started
2015-03-03 11:09:32,788 INFO  org.springframework.web.context.support.XmlWebApplicationContext.prepareRefresh:510 - Refreshing Root WebApplicationContext: startup date [Tue Mar 03 11:09:32 CST 2015]; root of context hierarchy
2015-03-03 11:09:32,851 INFO  org.springframework.beans.factory.xml.XmlBeanDefinitionReader.loadBeanDefinitions:315 - Loading XML bean definitions from file [F:\Workspaces\kywd\trunk\marketcenter\marketcenter-service\target\classes\spring\spring-common.xml]
2015-03-03 11:09:32,944 INFO  org.springframework.beans.factory.xml.XmlBeanDefinitionReader.loadBeanDefinitions:315 - Loading XML bean definitions from file [F:\Workspaces\kywd\trunk\marketcenter\marketcenter-service\target\classes\spring\spring-dubbo.xml]
2015-03-03 11:09:32,975 INFO  com.alibaba.dubbo.common.logger.LoggerFactory.?:? - using logger: com.alibaba.dubbo.common.logger.log4j.Log4jLoggerAdapter
2015-03-03 11:09:33,022 WARN  com.alibaba.dubbo.config.spring.schema.DubboBeanDefinitionParser.parse:199 -  [DUBBO] Recommended replace <dubbo:provider protocol="dubbo" ... /> to <dubbo:protocol name="dubbo" ... />, dubbo version: 2.4.9, current host: 127.0.0.1
2015-03-03 11:09:33,022 INFO  org.springframework.beans.factory.xml.XmlBeanDefinitionReader.loadBeanDefinitions:315 - Loading XML bean definitions from file [F:\Workspaces\kywd\trunk\marketcenter\marketcenter-service\target\classes\spring\spring-transaction.xml]
2015-03-03 11:09:33,163 INFO  org.springframework.beans.factory.support.DefaultListableBeanFactory.preInstantiateSingletons:596 - Pre-instantiating singletons in org.springframework.beans.factory.support.DefaultListableBeanFactory@623b12: defining beans [com.camelot.openplatform.util.SpringApplicationContextHolder#0,com.camelot.openplatform.util.SystemBootstrap#0,org.springframework.context.annotation.internalConfigurationAnnotationProcessor,org.springframework.context.annotation.internalAutowiredAnnotationProcessor,org.springframework.context.annotation.internalRequiredAnnotationProcessor,org.springframework.context.annotation.internalCommonAnnotationProcessor,demoController,exampleContorller,demoExportService,marketcenter,qingdaoRegistry,com.alibaba.dubbo.config.ProviderConfig,transactionManager,org.springframework.aop.config.internalAutoProxyCreator,org.springframework.transaction.annotation.AnnotationTransactionAttributeSource#0,org.springframework.transaction.interceptor.TransactionInterceptor#0,org.springframework.transaction.config.internalTransactionAdvisor,txAdvice,interceptorPointCuts,org.springframework.aop.support.DefaultBeanFactoryPointcutAdvisor#0,org.springframework.context.annotation.ConfigurationClassPostProcessor.importAwareProcessor]; root of factory hierarchy
2015-03-03 11:09:33,334 INFO  com.camelot.openplatform.util.SystemBootstrap.afterPropertiesSet:31 - 系统配置项:{server.name=marketcenter}
2015-03-03 11:09:33,350 ERROR org.springframework.web.context.ContextLoader.initWebApplicationContext:324 - Context initialization failed
java.lang.NoClassDefFoundError: Lcom/camelot/example/service/DemoExportService;
	at java.lang.Class.getDeclaredFields0(Native Method)
	at java.lang.Class.privateGetDeclaredFields(Class.java:2436)
	at java.lang.Class.getDeclaredFields(Class.java:1806)
	at org.springframework.context.annotation.CommonAnnotationBeanPostProcessor.findResourceMetadata(CommonAnnotationBeanPostProcessor.java:324)
	at org.springframework.context.annotation.CommonAnnotationBeanPostProcessor.postProcessMergedBeanDefinition(CommonAnnotationBeanPostProcessor.java:285)
	at org.springframework.beans.factory.support.AbstractAutowireCapableBeanFactory.applyMergedBeanDefinitionPostProcessors(AbstractAutowireCapableBeanFactory.java:844)
	at org.springframework.beans.factory.support.AbstractAutowireCapableBeanFactory.doCreateBean(AbstractAutowireCapableBeanFactory.java:498)
	at org.springframework.beans.factory.support.AbstractAutowireCapableBeanFactory.createBean(AbstractAutowireCapableBeanFactory.java:461)
	at org.springframework.beans.factory.support.AbstractBeanFactory$1.getObject(AbstractBeanFactory.java:295)
	at org.springframework.beans.factory.support.DefaultSingletonBeanRegistry.getSingleton(DefaultSingletonBeanRegistry.java:223)
	at org.springframework.beans.factory.support.AbstractBeanFactory.doGetBean(AbstractBeanFactory.java:292)
	at org.springframework.beans.factory.support.AbstractBeanFactory.getBean(AbstractBeanFactory.java:194)
	at org.springframework.beans.factory.support.DefaultListableBeanFactory.preInstantiateSingletons(DefaultListableBeanFactory.java:626)
	at org.springframework.context.support.AbstractApplicationContext.finishBeanFactoryInitialization(AbstractApplicationContext.java:932)
	at org.springframework.context.support.AbstractApplicationContext.refresh(AbstractApplicationContext.java:479)
	at org.springframework.web.context.ContextLoader.configureAndRefreshWebApplicationContext(ContextLoader.java:389)
	at org.springframework.web.context.ContextLoader.initWebApplicationContext(ContextLoader.java:294)
	at org.springframework.web.context.ContextLoaderListener.contextInitialized(ContextLoaderListener.java:112)
	at org.mortbay.jetty.handler.ContextHandler.startContext(ContextHandler.java:549)
	at org.mortbay.jetty.servlet.Context.startContext(Context.java:136)
	at org.mortbay.jetty.webapp.WebAppContext.startContext(WebAppContext.java:1282)
	at org.mortbay.jetty.handler.ContextHandler.doStart(ContextHandler.java:518)
	at org.mortbay.jetty.webapp.WebAppContext.doStart(WebAppContext.java:499)
	at org.mortbay.component.AbstractLifeCycle.start(AbstractLifeCycle.java:50)
	at runjettyrun.Bootstrap$3.filesChanged(Bootstrap.java:465)
	at org.mortbay.util.Scanner.reportBulkChanges(Scanner.java:486)
	at org.mortbay.util.Scanner.reportDifferences(Scanner.java:352)
	at org.mortbay.util.Scanner.scan(Scanner.java:280)
	at org.mortbay.util.Scanner$1.run(Scanner.java:232)
	at java.util.TimerThread.mainLoop(Timer.java:555)
	at java.util.TimerThread.run(Timer.java:505)
Caused by: java.lang.ClassNotFoundException: com.camelot.example.service.DemoExportService
	at java.net.URLClassLoader$1.run(URLClassLoader.java:366)
	at java.net.URLClassLoader$1.run(URLClassLoader.java:355)
	at java.security.AccessController.doPrivileged(Native Method)
	at java.net.URLClassLoader.findClass(URLClassLoader.java:354)
	at org.mortbay.jetty.webapp.WebAppClassLoader.loadClass(WebAppClassLoader.java:392)
	at runjettyrun.ProjectClassLoader.loadClass(ProjectClassLoader.java:82)
	... 31 more
2015-03-03 11:09:52,406 INFO  org.springframework.web.context.support.XmlWebApplicationContext.doClose:1042 - Closing Root WebApplicationContext: startup date [Tue Mar 03 11:09:32 CST 2015]; root of context hierarchy
2015-03-03 11:09:52,422 WARN  org.springframework.web.context.support.XmlWebApplicationContext.doClose:1060 - Exception thrown from LifecycleProcessor on context close
java.lang.IllegalStateException: LifecycleProcessor not initialized - call 'refresh' before invoking lifecycle methods via the context: Root WebApplicationContext: startup date [Tue Mar 03 11:09:32 CST 2015]; root of context hierarchy
	at org.springframework.context.support.AbstractApplicationContext.getLifecycleProcessor(AbstractApplicationContext.java:360)
	at org.springframework.context.support.AbstractApplicationContext.doClose(AbstractApplicationContext.java:1057)
	at org.springframework.context.support.AbstractApplicationContext.close(AbstractApplicationContext.java:1010)
	at org.springframework.web.context.ContextLoader.closeWebApplicationContext(ContextLoader.java:558)
	at org.springframework.web.context.ContextLoaderListener.contextDestroyed(ContextLoaderListener.java:143)
	at org.mortbay.jetty.handler.ContextHandler.doStop(ContextHandler.java:600)
	at org.mortbay.jetty.webapp.WebAppContext.doStop(WebAppContext.java:537)
	at org.mortbay.component.AbstractLifeCycle.stop(AbstractLifeCycle.java:76)
	at runjettyrun.Bootstrap$3.filesChanged(Bootstrap.java:457)
	at org.mortbay.util.Scanner.reportBulkChanges(Scanner.java:486)
	at org.mortbay.util.Scanner.reportDifferences(Scanner.java:352)
	at org.mortbay.util.Scanner.scan(Scanner.java:280)
	at org.mortbay.util.Scanner$1.run(Scanner.java:232)
	at java.util.TimerThread.mainLoop(Timer.java:555)
	at java.util.TimerThread.run(Timer.java:505)
2015-03-03 11:09:52,422 INFO  org.springframework.beans.factory.support.DefaultListableBeanFactory.destroySingletons:444 - Destroying singletons in org.springframework.beans.factory.support.DefaultListableBeanFactory@623b12: defining beans [com.camelot.openplatform.util.SpringApplicationContextHolder#0,com.camelot.openplatform.util.SystemBootstrap#0,org.springframework.context.annotation.internalConfigurationAnnotationProcessor,org.springframework.context.annotation.internalAutowiredAnnotationProcessor,org.springframework.context.annotation.internalRequiredAnnotationProcessor,org.springframework.context.annotation.internalCommonAnnotationProcessor,demoController,exampleContorller,demoExportService,marketcenter,qingdaoRegistry,com.alibaba.dubbo.config.ProviderConfig,transactionManager,org.springframework.aop.config.internalAutoProxyCreator,org.springframework.transaction.annotation.AnnotationTransactionAttributeSource#0,org.springframework.transaction.interceptor.TransactionInterceptor#0,org.springframework.transaction.config.internalTransactionAdvisor,txAdvice,interceptorPointCuts,org.springframework.aop.support.DefaultBeanFactoryPointcutAdvisor#0,org.springframework.context.annotation.ConfigurationClassPostProcessor.importAwareProcessor]; root of factory hierarchy
2015-03-03 11:09:52,595 INFO  org.springframework.web.context.ContextLoader.initWebApplicationContext:273 - Root WebApplicationContext: initialization started
2015-03-03 11:09:52,657 INFO  org.springframework.web.context.support.XmlWebApplicationContext.prepareRefresh:510 - Refreshing Root WebApplicationContext: startup date [Tue Mar 03 11:09:52 CST 2015]; root of context hierarchy
2015-03-03 11:09:52,797 INFO  org.springframework.beans.factory.xml.XmlBeanDefinitionReader.loadBeanDefinitions:315 - Loading XML bean definitions from file [F:\Workspaces\kywd\trunk\marketcenter\marketcenter-service\target\classes\spring\spring-common.xml]
2015-03-03 11:09:52,875 INFO  org.springframework.beans.factory.xml.XmlBeanDefinitionReader.loadBeanDefinitions:315 - Loading XML bean definitions from file [F:\Workspaces\kywd\trunk\marketcenter\marketcenter-service\target\classes\spring\spring-dubbo.xml]
2015-03-03 11:09:52,891 INFO  com.alibaba.dubbo.common.logger.LoggerFactory.?:? - using logger: com.alibaba.dubbo.common.logger.log4j.Log4jLoggerAdapter
2015-03-03 11:09:52,953 WARN  com.alibaba.dubbo.config.spring.schema.DubboBeanDefinitionParser.parse:199 -  [DUBBO] Recommended replace <dubbo:provider protocol="dubbo" ... /> to <dubbo:protocol name="dubbo" ... />, dubbo version: 2.4.9, current host: 127.0.0.1
2015-03-03 11:09:52,953 INFO  org.springframework.beans.factory.xml.XmlBeanDefinitionReader.loadBeanDefinitions:315 - Loading XML bean definitions from file [F:\Workspaces\kywd\trunk\marketcenter\marketcenter-service\target\classes\spring\spring-transaction.xml]
2015-03-03 11:09:53,146 INFO  org.springframework.beans.factory.support.DefaultListableBeanFactory.preInstantiateSingletons:596 - Pre-instantiating singletons in org.springframework.beans.factory.support.DefaultListableBeanFactory@870d71: defining beans [com.camelot.openplatform.util.SpringApplicationContextHolder#0,com.camelot.openplatform.util.SystemBootstrap#0,org.springframework.context.annotation.internalConfigurationAnnotationProcessor,org.springframework.context.annotation.internalAutowiredAnnotationProcessor,org.springframework.context.annotation.internalRequiredAnnotationProcessor,org.springframework.context.annotation.internalCommonAnnotationProcessor,demoController,exampleContorller,demoExportService,marketcenter,qingdaoRegistry,com.alibaba.dubbo.config.ProviderConfig,transactionManager,org.springframework.aop.config.internalAutoProxyCreator,org.springframework.transaction.annotation.AnnotationTransactionAttributeSource#0,org.springframework.transaction.interceptor.TransactionInterceptor#0,org.springframework.transaction.config.internalTransactionAdvisor,txAdvice,interceptorPointCuts,org.springframework.aop.support.DefaultBeanFactoryPointcutAdvisor#0,org.springframework.context.annotation.ConfigurationClassPostProcessor.importAwareProcessor]; root of factory hierarchy
2015-03-03 11:09:53,311 INFO  com.camelot.openplatform.util.SystemBootstrap.afterPropertiesSet:31 - 系统配置项:{server.name=marketcenter}
2015-03-03 11:09:53,311 ERROR org.springframework.web.context.ContextLoader.initWebApplicationContext:324 - Context initialization failed
java.lang.NoClassDefFoundError: Lcom/camelot/example/service/DemoExportService;
	at java.lang.Class.getDeclaredFields0(Native Method)
	at java.lang.Class.privateGetDeclaredFields(Class.java:2436)
	at java.lang.Class.getDeclaredFields(Class.java:1806)
	at org.springframework.context.annotation.CommonAnnotationBeanPostProcessor.findResourceMetadata(CommonAnnotationBeanPostProcessor.java:324)
	at org.springframework.context.annotation.CommonAnnotationBeanPostProcessor.postProcessMergedBeanDefinition(CommonAnnotationBeanPostProcessor.java:285)
	at org.springframework.beans.factory.support.AbstractAutowireCapableBeanFactory.applyMergedBeanDefinitionPostProcessors(AbstractAutowireCapableBeanFactory.java:844)
	at org.springframework.beans.factory.support.AbstractAutowireCapableBeanFactory.doCreateBean(AbstractAutowireCapableBeanFactory.java:498)
	at org.springframework.beans.factory.support.AbstractAutowireCapableBeanFactory.createBean(AbstractAutowireCapableBeanFactory.java:461)
	at org.springframework.beans.factory.support.AbstractBeanFactory$1.getObject(AbstractBeanFactory.java:295)
	at org.springframework.beans.factory.support.DefaultSingletonBeanRegistry.getSingleton(DefaultSingletonBeanRegistry.java:223)
	at org.springframework.beans.factory.support.AbstractBeanFactory.doGetBean(AbstractBeanFactory.java:292)
	at org.springframework.beans.factory.support.AbstractBeanFactory.getBean(AbstractBeanFactory.java:194)
	at org.springframework.beans.factory.support.DefaultListableBeanFactory.preInstantiateSingletons(DefaultListableBeanFactory.java:626)
	at org.springframework.context.support.AbstractApplicationContext.finishBeanFactoryInitialization(AbstractApplicationContext.java:932)
	at org.springframework.context.support.AbstractApplicationContext.refresh(AbstractApplicationContext.java:479)
	at org.springframework.web.context.ContextLoader.configureAndRefreshWebApplicationContext(ContextLoader.java:389)
	at org.springframework.web.context.ContextLoader.initWebApplicationContext(ContextLoader.java:294)
	at org.springframework.web.context.ContextLoaderListener.contextInitialized(ContextLoaderListener.java:112)
	at org.mortbay.jetty.handler.ContextHandler.startContext(ContextHandler.java:549)
	at org.mortbay.jetty.servlet.Context.startContext(Context.java:136)
	at org.mortbay.jetty.webapp.WebAppContext.startContext(WebAppContext.java:1282)
	at org.mortbay.jetty.handler.ContextHandler.doStart(ContextHandler.java:518)
	at org.mortbay.jetty.webapp.WebAppContext.doStart(WebAppContext.java:499)
	at org.mortbay.component.AbstractLifeCycle.start(AbstractLifeCycle.java:50)
	at runjettyrun.Bootstrap$3.filesChanged(Bootstrap.java:465)
	at org.mortbay.util.Scanner.reportBulkChanges(Scanner.java:486)
	at org.mortbay.util.Scanner.reportDifferences(Scanner.java:352)
	at org.mortbay.util.Scanner.scan(Scanner.java:280)
	at org.mortbay.util.Scanner$1.run(Scanner.java:232)
	at java.util.TimerThread.mainLoop(Timer.java:555)
	at java.util.TimerThread.run(Timer.java:505)
Caused by: java.lang.ClassNotFoundException: com.camelot.example.service.DemoExportService
	at java.net.URLClassLoader$1.run(URLClassLoader.java:366)
	at java.net.URLClassLoader$1.run(URLClassLoader.java:355)
	at java.security.AccessController.doPrivileged(Native Method)
	at java.net.URLClassLoader.findClass(URLClassLoader.java:354)
	at org.mortbay.jetty.webapp.WebAppClassLoader.loadClass(WebAppClassLoader.java:392)
	at runjettyrun.ProjectClassLoader.loadClass(ProjectClassLoader.java:82)
	... 31 more
2015-03-03 11:09:57,413 INFO  org.springframework.web.context.support.XmlWebApplicationContext.doClose:1042 - Closing Root WebApplicationContext: startup date [Tue Mar 03 11:09:52 CST 2015]; root of context hierarchy
2015-03-03 11:09:57,413 WARN  org.springframework.web.context.support.XmlWebApplicationContext.doClose:1060 - Exception thrown from LifecycleProcessor on context close
java.lang.IllegalStateException: LifecycleProcessor not initialized - call 'refresh' before invoking lifecycle methods via the context: Root WebApplicationContext: startup date [Tue Mar 03 11:09:52 CST 2015]; root of context hierarchy
	at org.springframework.context.support.AbstractApplicationContext.getLifecycleProcessor(AbstractApplicationContext.java:360)
	at org.springframework.context.support.AbstractApplicationContext.doClose(AbstractApplicationContext.java:1057)
	at org.springframework.context.support.AbstractApplicationContext.close(AbstractApplicationContext.java:1010)
	at org.springframework.web.context.ContextLoader.closeWebApplicationContext(ContextLoader.java:558)
	at org.springframework.web.context.ContextLoaderListener.contextDestroyed(ContextLoaderListener.java:143)
	at org.mortbay.jetty.handler.ContextHandler.doStop(ContextHandler.java:600)
	at org.mortbay.jetty.webapp.WebAppContext.doStop(WebAppContext.java:537)
	at org.mortbay.component.AbstractLifeCycle.stop(AbstractLifeCycle.java:76)
	at runjettyrun.Bootstrap$3.filesChanged(Bootstrap.java:457)
	at org.mortbay.util.Scanner.reportBulkChanges(Scanner.java:486)
	at org.mortbay.util.Scanner.reportDifferences(Scanner.java:352)
	at org.mortbay.util.Scanner.scan(Scanner.java:280)
	at org.mortbay.util.Scanner$1.run(Scanner.java:232)
	at java.util.TimerThread.mainLoop(Timer.java:555)
	at java.util.TimerThread.run(Timer.java:505)
2015-03-03 11:09:57,429 INFO  org.springframework.beans.factory.support.DefaultListableBeanFactory.destroySingletons:444 - Destroying singletons in org.springframework.beans.factory.support.DefaultListableBeanFactory@870d71: defining beans [com.camelot.openplatform.util.SpringApplicationContextHolder#0,com.camelot.openplatform.util.SystemBootstrap#0,org.springframework.context.annotation.internalConfigurationAnnotationProcessor,org.springframework.context.annotation.internalAutowiredAnnotationProcessor,org.springframework.context.annotation.internalRequiredAnnotationProcessor,org.springframework.context.annotation.internalCommonAnnotationProcessor,demoController,exampleContorller,demoExportService,marketcenter,qingdaoRegistry,com.alibaba.dubbo.config.ProviderConfig,transactionManager,org.springframework.aop.config.internalAutoProxyCreator,org.springframework.transaction.annotation.AnnotationTransactionAttributeSource#0,org.springframework.transaction.interceptor.TransactionInterceptor#0,org.springframework.transaction.config.internalTransactionAdvisor,txAdvice,interceptorPointCuts,org.springframework.aop.support.DefaultBeanFactoryPointcutAdvisor#0,org.springframework.context.annotation.ConfigurationClassPostProcessor.importAwareProcessor]; root of factory hierarchy
2015-03-03 11:09:57,648 INFO  org.springframework.web.context.ContextLoader.initWebApplicationContext:273 - Root WebApplicationContext: initialization started
2015-03-03 11:09:57,742 INFO  org.springframework.web.context.support.XmlWebApplicationContext.prepareRefresh:510 - Refreshing Root WebApplicationContext: startup date [Tue Mar 03 11:09:57 CST 2015]; root of context hierarchy
2015-03-03 11:09:57,793 INFO  org.springframework.beans.factory.support.DefaultListableBeanFactory.preInstantiateSingletons:596 - Pre-instantiating singletons in org.springframework.beans.factory.support.DefaultListableBeanFactory@118ba7f: defining beans []; root of factory hierarchy
2015-03-03 11:09:57,808 INFO  org.springframework.web.context.ContextLoader.initWebApplicationContext:313 - Root WebApplicationContext: initialization completed in 160 ms
2015-03-03 11:09:57,964 INFO  org.springframework.web.servlet.DispatcherServlet.initServletBean:455 - FrameworkServlet 'springmvc': initialization started
2015-03-03 11:09:57,964 INFO  org.springframework.web.context.support.XmlWebApplicationContext.prepareRefresh:510 - Refreshing WebApplicationContext for namespace 'springmvc-servlet': startup date [Tue Mar 03 11:09:57 CST 2015]; parent: Root WebApplicationContext
2015-03-03 11:09:57,964 INFO  org.springframework.beans.factory.xml.XmlBeanDefinitionReader.loadBeanDefinitions:315 - Loading XML bean definitions from class path resource [spring/springmvc-servlet.xml]
2015-03-03 11:09:58,152 INFO  org.springframework.beans.factory.support.DefaultListableBeanFactory.preInstantiateSingletons:596 - Pre-instantiating singletons in org.springframework.beans.factory.support.DefaultListableBeanFactory@12a0846: defining beans [org.springframework.web.servlet.mvc.method.annotation.RequestMappingHandlerAdapter#0,demoController,exampleContorller,org.springframework.context.annotation.internalConfigurationAnnotationProcessor,org.springframework.context.annotation.internalAutowiredAnnotationProcessor,org.springframework.context.annotation.internalRequiredAnnotationProcessor,org.springframework.context.annotation.internalCommonAnnotationProcessor,mvcContentNegotiationManager,org.springframework.web.servlet.mvc.method.annotation.RequestMappingHandlerMapping#0,org.springframework.format.support.FormattingConversionServiceFactoryBean#0,org.springframework.web.servlet.mvc.method.annotation.RequestMappingHandlerAdapter#1,org.springframework.web.servlet.handler.MappedInterceptor#0,org.springframework.web.servlet.mvc.method.annotation.ExceptionHandlerExceptionResolver#0,org.springframework.web.servlet.mvc.annotation.ResponseStatusExceptionResolver#0,org.springframework.web.servlet.mvc.support.DefaultHandlerExceptionResolver#0,org.springframework.web.servlet.handler.BeanNameUrlHandlerMapping,org.springframework.web.servlet.mvc.HttpRequestHandlerAdapter,org.springframework.web.servlet.mvc.SimpleControllerHandlerAdapter,org.springframework.web.servlet.resource.ResourceHttpRequestHandler#0,org.springframework.web.servlet.handler.SimpleUrlHandlerMapping#0,velocityEngine,velocityConfig,velocityViewResolver,org.springframework.web.servlet.handler.SimpleMappingExceptionResolver#0,org.springframework.web.servlet.config.viewControllerHandlerMapping,org.springframework.context.annotation.ConfigurationClassPostProcessor.importAwareProcessor]; parent: org.springframework.beans.factory.support.DefaultListableBeanFactory@118ba7f
2015-03-03 11:10:07,441 INFO  org.springframework.web.context.support.XmlWebApplicationContext.doClose:1042 - Closing Root WebApplicationContext: startup date [Tue Mar 03 11:09:57 CST 2015]; root of context hierarchy
2015-03-03 11:10:07,441 INFO  org.springframework.beans.factory.support.DefaultListableBeanFactory.destroySingletons:444 - Destroying singletons in org.springframework.beans.factory.support.DefaultListableBeanFactory@118ba7f: defining beans []; root of factory hierarchy
